This is XeTeX, Version 3.141592653-2.6-0.999996 (TeX Live 2024) (preloaded format=xelatex 2025.1.26)  27 NOV 2025 22:28
entering extended mode
 restricted \write18 enabled.
 %&-line parsing enabled.
**RA1.tex
(./RA1.tex
LaTeX2e <2024-11-01> patch level 1
L3 programming layer <2024-12-25>
(c:/texlive/2024/texmf-dist/tex/latex/base/article.cls
Document Class: article 2024/06/29 v1.4n Standard LaTeX document class
(c:/texlive/2024/texmf-dist/tex/latex/base/size10.clo
File: size10.clo 2024/06/29 v1.4n Standard LaTeX file (size option)
)
\c@part=\count192
\c@section=\count193
\c@subsection=\count194
\c@subsubsection=\count195
\c@paragraph=\count196
\c@subparagraph=\count197
\c@figure=\count198
\c@table=\count199
\abovecaptionskip=\skip49
\belowcaptionskip=\skip50
\bibindent=\dimen141
)
(c:/texlive/2024/texmf-dist/tex/latex/amsmath/amsmath.sty
Package: amsmath 2024/11/05 v2.17t AMS math features
\@mathmargin=\skip51

For additional information on amsmath, use the `?' option.
(c:/texlive/2024/texmf-dist/tex/latex/amsmath/amstext.sty
Package: amstext 2021/08/26 v2.01 AMS text

(c:/texlive/2024/texmf-dist/tex/latex/amsmath/amsgen.sty
File: amsgen.sty 1999/11/30 v2.0 generic functions
\@emptytoks=\toks17
\ex@=\dimen142
))
(c:/texlive/2024/texmf-dist/tex/latex/amsmath/amsbsy.sty
Package: amsbsy 1999/11/29 v1.2d Bold Symbols
\pmbraise@=\dimen143
)
(c:/texlive/2024/texmf-dist/tex/latex/amsmath/amsopn.sty
Package: amsopn 2022/04/08 v2.04 operator names
)
\inf@bad=\count266
LaTeX Info: Redefining \frac on input line 233.
\uproot@=\count267
\leftroot@=\count268
LaTeX Info: Redefining \overline on input line 398.
LaTeX Info: Redefining \colon on input line 409.
\classnum@=\count269
\DOTSCASE@=\count270
LaTeX Info: Redefining \ldots on input line 495.
LaTeX Info: Redefining \dots on input line 498.
LaTeX Info: Redefining \cdots on input line 619.
\Mathstrutbox@=\box52
\strutbox@=\box53
LaTeX Info: Redefining \big on input line 721.
LaTeX Info: Redefining \Big on input line 722.
LaTeX Info: Redefining \bigg on input line 723.
LaTeX Info: Redefining \Bigg on input line 724.
\big@size=\dimen144
LaTeX Font Info:    Redeclaring font encoding OML on input line 742.
LaTeX Font Info:    Redeclaring font encoding OMS on input line 743.
\macc@depth=\count271
LaTeX Info: Redefining \bmod on input line 904.
LaTeX Info: Redefining \pmod on input line 909.
LaTeX Info: Redefining \smash on input line 939.
LaTeX Info: Redefining \relbar on input line 969.
LaTeX Info: Redefining \Relbar on input line 970.
\c@MaxMatrixCols=\count272
\dotsspace@=\muskip17
\c@parentequation=\count273
\dspbrk@lvl=\count274
\tag@help=\toks18
\row@=\count275
\column@=\count276
\maxfields@=\count277
\andhelp@=\toks19
\eqnshift@=\dimen145
\alignsep@=\dimen146
\tagshift@=\dimen147
\tagwidth@=\dimen148
\totwidth@=\dimen149
\lineht@=\dimen150
\@envbody=\toks20
\multlinegap=\skip52
\multlinetaggap=\skip53
\mathdisplay@stack=\toks21
LaTeX Info: Redefining \[ on input line 2953.
LaTeX Info: Redefining \] on input line 2954.
)
(c:/texlive/2024/texmf-dist/tex/latex/listings/listings.sty
(c:/texlive/2024/texmf-dist/tex/latex/graphics/keyval.sty
Package: keyval 2022/05/29 v1.15 key=value parser (DPC)
\KV@toks@=\toks22
)
\lst@mode=\count278
\lst@gtempboxa=\box54
\lst@token=\toks23
\lst@length=\count279
\lst@currlwidth=\dimen151
\lst@column=\count280
\lst@pos=\count281
\lst@lostspace=\dimen152
\lst@width=\dimen153
\lst@newlines=\count282
\lst@lineno=\count283
\lst@maxwidth=\dimen154

(c:/texlive/2024/texmf-dist/tex/latex/listings/lstpatch.sty
File: lstpatch.sty 2024/09/23 1.10c (Carsten Heinz)
)
(c:/texlive/2024/texmf-dist/tex/latex/listings/lstmisc.sty
File: lstmisc.sty 2024/09/23 1.10c (Carsten Heinz)
\c@lstnumber=\count284
\lst@skipnumbers=\count285
\lst@framebox=\box55
)
(c:/texlive/2024/texmf-dist/tex/latex/listings/listings.cfg
File: listings.cfg 2024/09/23 1.10c listings configuration
))
Package: listings 2024/09/23 1.10c (Carsten Heinz)

(c:/texlive/2024/texmf-dist/tex/latex/l3backend/l3backend-xetex.def
File: l3backend-xetex.def 2024-05-08 L3 backend support: XeTeX
\g__graphics_track_int=\count286
\l__pdf_internal_box=\box56
\g__pdf_backend_annotation_int=\count287
\g__pdf_backend_link_int=\count288
) (./RA1.aux)
\openout1 = `RA1.aux'.

LaTeX Font Info:    Checking defaults for OML/cmm/m/it on input line 10.
LaTeX Font Info:    ... okay on input line 10.
LaTeX Font Info:    Checking defaults for OMS/cmsy/m/n on input line 10.
LaTeX Font Info:    ... okay on input line 10.
LaTeX Font Info:    Checking defaults for OT1/cmr/m/n on input line 10.
LaTeX Font Info:    ... okay on input line 10.
LaTeX Font Info:    Checking defaults for T1/cmr/m/n on input line 10.
LaTeX Font Info:    ... okay on input line 10.
LaTeX Font Info:    Checking defaults for TS1/cmr/m/n on input line 10.
LaTeX Font Info:    ... okay on input line 10.
LaTeX Font Info:    Checking defaults for TU/lmr/m/n on input line 10.
LaTeX Font Info:    ... okay on input line 10.
LaTeX Font Info:    Checking defaults for OMX/cmex/m/n on input line 10.
LaTeX Font Info:    ... okay on input line 10.
LaTeX Font Info:    Checking defaults for U/cmr/m/n on input line 10.
LaTeX Font Info:    ... okay on input line 10.
\c@lstlisting=\count289

Overfull \hbox (7.78224pt too wide) detected at line 39
[]
 []




Overfull \hbox (39.0501pt too wide) detected at line 60
\OML/cmm/m/it/10 f[] \OT1/cmr/m/n/10 = [] + [] = []
 []



[1


]


Overfull \hbox (116.4938pt too wide) detected at line 108
\OMS/cmsy/m/n/10 ! \OML/cmm/m/it/10 f[] \OT1/cmr/m/n/10 = [] [] [](\OMS/cmsy/m/
n/10 ^^@\OT1/cmr/m/n/10 1\OML/cmm/m/it/10 =\OT1/cmr/m/n/10 (2\OML/cmm/m/it/10 :
\OT1/cmr/m/n/10 15) [] \OML/cmm/m/it/10 : [] : [] []
 []


Overfull \hbox (61.00287pt too wide) in paragraph at lines 118--120
[][][][][][][][][][][][] 
 []


Overfull \hbox (13.00238pt too wide) in paragraph at lines 127--129
[][][][][][][][][][][][][][] 
 []


Overfull \hbox (253.00482pt too wide) in paragraph at lines 129--131
[][][][][][][][][][][][][][][][][][][][][][][][][][] 
 []


Overfull \hbox (79.00305pt too wide) in paragraph at lines 131--132
[][][][][][][][][][][][][][][][][][][][] 
 []


Overfull \hbox (205.00433pt too wide) in paragraph at lines 132--133
[][][][][][][][][][][][][][][][][][][][][][][][][] 
 []


Overfull \hbox (67.00293pt too wide) in paragraph at lines 133--135
[][][][][][][][][][][][][][][][][][][][] 
 []


Overfull \hbox (61.00287pt too wide) in paragraph at lines 135--136
[][][][][][][][][][][][]
 []


Overfull \hbox (85.00311pt too wide) in paragraph at lines 138--139
[][][][][][][][][][][][][][][][][][][][] 
 []


Overfull \hbox (7.00232pt too wide) in paragraph at lines 143--144
[][][][][][][][][][][] 
 []


Overfull \hbox (1.00226pt too wide) in paragraph at lines 144--145
[][][][][][][][][][][] 
 []


Overfull \hbox (43.00269pt too wide) in paragraph at lines 145--147
[][][][][][][][][][][][][][][][][][] 
 []


Overfull \hbox (289.00519pt too wide) in paragraph at lines 148--149
[][][][][][][][][][][][][][][][][][][][][][][][][][][][][][] 
 []



[2]
Overfull \hbox (319.0055pt too wide) in paragraph at lines 150--151
[][][][][][][][][][][][][][][][][][][][][][][][][][][][][][][] 
 []





[3

] (./RA1.aux)
 ***********
LaTeX2e <2024-11-01> patch level 1
L3 programming layer <2024-12-25>
 ***********
 ) 
Here is how much of TeX's memory you used:
 2462 strings out of 473846
 37573 string characters out of 5733563
 475561 words of memory out of 5000000
 25553 multiletter control sequences out of 15000+600000
 562741 words of font info for 55 fonts, out of 8000000 for 9000
 1348 hyphenation exceptions out of 8191
 56i,12n,65p,220b,1396s stack positions out of 10000i,1000n,20000p,200000b,200000s

Output written on RA1.pdf (3 pages).
